GROUP,PACKAGE,CLASS,INSTRUCTION_MISSED,INSTRUCTION_COVERED,BRANCH_MISSED,BRANCH_COVERED,LINE_MISSED,LINE_COVERED,COMPLEXITY_MISSED,COMPLEXITY_COVERED,METHOD_MISSED,METHOD_COVERED
demo,com.example,App,35,0,0,0,9,0,2,0,2,0
demo,com.example,ClientReceiving,34,0,2,0,12,0,3,0,2,0
demo,com.example,ClientSending,41,0,2,0,14,0,3,0,2,0
demo,com.example,FTPFunctions,782,0,47,0,174,0,38,0,13,0
demo,com.example,Client,53,0,0,0,13,0,2,0,2,0
demo,com.example,ServerHandler,252,0,23,0,73,0,20,0,3,0
demo,com.example,ClientHandler,185,0,8,0,42,0,8,0,4,0
